0 info it worked if it ends with ok
1 verbose cli [ '/Users/KateWilson/.nvm/versions/node/v4.2.0/bin/node',
1 verbose cli   '/Users/KateWilson/.nvm/versions/node/v4.2.0/bin/npm',
1 verbose cli   'install',
1 verbose cli   'express-testApp' ]
2 info using npm@2.14.7
3 info using node@v4.2.0
4 verbose config Skipping project config: /Users/KateWilson/.npmrc. (matches userconfig)
5 verbose install initial load of /Users/KateWilson/package.json
6 verbose installManyTop reading scoped package data from /Users/KateWilson/node_modules/angular-google-maps/package.json
7 verbose installManyTop reading scoped package data from /Users/KateWilson/node_modules/bootstrap/package.json
8 verbose installManyTop reading scoped package data from /Users/KateWilson/node_modules/braintree-web/package.json
9 verbose installManyTop reading scoped package data from /Users/KateWilson/node_modules/browserify/package.json
10 verbose installManyTop reading scoped package data from /Users/KateWilson/node_modules/heroku/package.json
11 verbose installManyTop reading scoped package data from /Users/KateWilson/node_modules/ios-sim/package.json
12 verbose installManyTop reading scoped package data from /Users/KateWilson/node_modules/jquery/package.json
13 verbose installManyTop reading scoped package data from /Users/KateWilson/node_modules/knock-knock-jokes/package.json
14 verbose installManyTop reading scoped package data from /Users/KateWilson/node_modules/moment/package.json
15 verbose installManyTop reading scoped package data from /Users/KateWilson/node_modules/node-sass/package.json
16 verbose installManyTop reading scoped package data from /Users/KateWilson/node_modules/normalize.css/package.json
17 verbose installManyTop reading scoped package data from /Users/KateWilson/node_modules/underscore/package.json
18 verbose installManyTop reading scoped package data from /Users/KateWilson/node_modules/watchify/package.json
19 info package.json jquery@2.1.4 No license field.
20 info package.json heroku@0.1.3 No license field.
21 verbose readDependencies loading dependencies from /Users/KateWilson/package.json
22 silly cache add args [ 'express-testApp', null ]
23 verbose cache add spec express-testApp
24 silly cache add parsed spec Result {
24 silly cache add   raw: 'express-testApp',
24 silly cache add   scope: null,
24 silly cache add   name: 'express-testApp',
24 silly cache add   rawSpec: '',
24 silly cache add   spec: '*',
24 silly cache add   type: 'range' }
25 silly addNamed express-testApp@*
26 verbose addNamed "*" is a valid semver range for express-testApp
27 silly addNameRange { name: 'express-testApp', range: '*', hasData: false }
28 silly mapToRegistry name express-testApp
29 silly mapToRegistry using default registry
30 silly mapToRegistry registry https://registry.npmjs.org/
31 silly mapToRegistry uri https://registry.npmjs.org/express-testApp
32 verbose addNameRange registry:https://registry.npmjs.org/express-testApp not in flight; fetching
33 verbose request uri https://registry.npmjs.org/express-testApp
34 verbose request no auth needed
35 info attempt registry request try #1 at 4:49:14 PM
36 verbose request id dce9227fe801b00e
37 http request GET https://registry.npmjs.org/express-testApp
38 http 404 https://registry.npmjs.org/express-testApp
39 verbose headers { 'content-type': 'application/json',
39 verbose headers   'cache-control': 'max-age=0',
39 verbose headers   'content-length': '2',
39 verbose headers   'accept-ranges': 'bytes',
39 verbose headers   date: 'Fri, 22 Jan 2016 21:49:14 GMT',
39 verbose headers   via: '1.1 varnish',
39 verbose headers   age: '0',
39 verbose headers   connection: 'keep-alive',
39 verbose headers   'x-served-by': 'cache-iad2138-IAD',
39 verbose headers   'x-cache': 'MISS',
39 verbose headers   'x-cache-hits': '0',
39 verbose headers   'x-timer': 'S1453499354.704493,VS0,VE99' }
40 silly get cb [ 404,
40 silly get   { 'content-type': 'application/json',
40 silly get     'cache-control': 'max-age=0',
40 silly get     'content-length': '2',
40 silly get     'accept-ranges': 'bytes',
40 silly get     date: 'Fri, 22 Jan 2016 21:49:14 GMT',
40 silly get     via: '1.1 varnish',
40 silly get     age: '0',
40 silly get     connection: 'keep-alive',
40 silly get     'x-served-by': 'cache-iad2138-IAD',
40 silly get     'x-cache': 'MISS',
40 silly get     'x-cache-hits': '0',
40 silly get     'x-timer': 'S1453499354.704493,VS0,VE99' } ]
41 verbose stack Error: Registry returned 404 for GET on https://registry.npmjs.org/express-testApp
41 verbose stack     at makeError (/Users/KateWilson/.nvm/versions/node/v4.2.0/lib/node_modules/npm/node_modules/npm-registry-client/lib/request.js:264:12)
41 verbose stack     at CachingRegistryClient.<anonymous> (/Users/KateWilson/.nvm/versions/node/v4.2.0/lib/node_modules/npm/node_modules/npm-registry-client/lib/request.js:242:14)
41 verbose stack     at Request._callback (/Users/KateWilson/.nvm/versions/node/v4.2.0/lib/node_modules/npm/node_modules/npm-registry-client/lib/request.js:172:14)
41 verbose stack     at Request.self.callback (/Users/KateWilson/.nvm/versions/node/v4.2.0/lib/node_modules/npm/node_modules/request/request.js:198:22)
41 verbose stack     at emitTwo (events.js:87:13)
41 verbose stack     at Request.emit (events.js:172:7)
41 verbose stack     at Request.<anonymous> (/Users/KateWilson/.nvm/versions/node/v4.2.0/lib/node_modules/npm/node_modules/request/request.js:1063:14)
41 verbose stack     at emitOne (events.js:82:20)
41 verbose stack     at Request.emit (events.js:169:7)
41 verbose stack     at IncomingMessage.<anonymous> (/Users/KateWilson/.nvm/versions/node/v4.2.0/lib/node_modules/npm/node_modules/request/request.js:1009:12)
42 verbose statusCode 404
43 verbose pkgid express-testApp
44 verbose cwd /Users/KateWilson/kate-website/express
45 error Darwin 15.0.0
46 error argv "/Users/KateWilson/.nvm/versions/node/v4.2.0/bin/node" "/Users/KateWilson/.nvm/versions/node/v4.2.0/bin/npm" "install" "express-testApp"
47 error node v4.2.0
48 error npm  v2.14.7
49 error code E404
50 error 404 Registry returned 404 for GET on https://registry.npmjs.org/express-testApp
50 error 404
50 error 404 'express-testApp' is not in the npm registry.
50 error 404 Your package name is not valid, because
50 error 404
50 error 404  1. name can no longer contain capital letters
50 error 404
50 error 404 Note that you can also install from a
50 error 404 tarball, folder, http url, or git url.
51 verbose exit [ 1, true ]
